Log file open, 10/20/20 00:55:34
LogInit: Display: Running engine for game: PlayerBuildSystem
LogPlatformFile: Not using cached read wrapper
LogTaskGraph: Started task graph with 5 named threads and 35 total threads with 3 sets of task threads.
LogStats: Stats thread started at 0.147484
LogD3D11RHI: Loaded GFSDK_Aftermath_Lib.x64.dll
LogICUInternationalization: ICU TimeZone Detection - Raw Offset: +3:00, Platform Override: ''
LogPluginManager: Mounting plugin Paper2D
LogPluginManager: Mounting plugin AISupport
LogPluginManager: Mounting plugin LightPropagationVolume
LogPluginManager: Mounting plugin CameraShakePreviewer
LogPluginManager: Mounting plugin ActorLayerUtilities
LogPluginManager: Mounting plugin AnimationSharing
LogPluginManager: Mounting plugin CLionSourceCodeAccess
LogPluginManager: Mounting plugin CodeLiteSourceCodeAccess
LogPluginManager: Mounting plugin GitSourceControl
LogPluginManager: Mounting plugin KDevelopSourceCodeAccess
LogPluginManager: Mounting plugin NullSourceCodeAccess
LogPluginManager: Mounting plugin PerforceSourceControl
LogPluginManager: Mounting plugin PlasticSourceControl
LogPluginManager: Mounting plugin RiderSourceCodeAccess
LogPluginManager: Mounting plugin SubversionSourceControl
LogPluginManager: Mounting plugin UObjectPlugin
LogPluginManager: Mounting plugin VisualStudioCodeSourceCodeAccess
LogPluginManager: Mounting plugin VisualStudioSourceCodeAccess
LogPluginManager: Mounting plugin XCodeSourceCodeAccess
LogPluginManager: Mounting plugin AssetManagerEditor
LogPluginManager: Mounting plugin CryptoKeys
LogPluginManager: Mounting plugin CurveEditorTools
LogPluginManager: Mounting plugin DataValidation
LogPluginManager: Mounting plugin EditorScriptingUtilities
LogPluginManager: Mounting plugin FacialAnimation
LogPluginManager: Mounting plugin GameplayTagsEditor
LogPluginManager: Mounting plugin GeometryMode
LogPluginManager: Mounting plugin MacGraphicsSwitching
LogPluginManager: Mounting plugin MaterialAnalyzer
LogPluginManager: Mounting plugin MobileLauncherProfileWizard
LogPluginManager: Mounting plugin PluginBrowser
LogPluginManager: Mounting plugin SpeedTreeImporter
LogPluginManager: Mounting plugin DatasmithContent
LogPluginManager: Mounting plugin VariantManagerContent
LogPluginManager: Mounting plugin AlembicImporter
LogPluginManager: Mounting plugin AutomationUtils
LogPluginManager: Mounting plugin BackChannel
LogPluginManager: Mounting plugin ChaosCloth
LogPluginManager: Mounting plugin ChaosClothEditor
LogPluginManager: Mounting plugin ChaosEditor
LogPluginManager: Mounting plugin ChaosNiagara
LogPluginManager: Mounting plugin ChaosSolverPlugin
LogPluginManager: Mounting plugin CharacterAI
LogPluginManager: Mounting plugin GeometryCache
LogPluginManager: Mounting plugin GeometryCollectionPlugin
LogPluginManager: Mounting plugin GeometryProcessing
LogPluginManager: Mounting plugin PlanarCut
LogPluginManager: Mounting plugin PlatformCrypto
LogPluginManager: Mounting plugin ProxyLODPlugin
LogPluginManager: Mounting plugin SkeletalReduction
LogPluginManager: Mounting plugin Niagara
LogPluginManager: Mounting plugin MagicLeap
LogPluginManager: Mounting plugin MagicLeapLightEstimation
LogPluginManager: Mounting plugin MagicLeapMedia
LogPluginManager: Mounting plugin MagicLeapPassableWorld
LogPluginManager: Mounting plugin MLSDK
LogPluginManager: Mounting plugin AndroidMedia
LogPluginManager: Mounting plugin AvfMedia
LogPluginManager: Mounting plugin ImgMedia
LogPluginManager: Mounting plugin MediaCompositing
LogPluginManager: Mounting plugin MediaPlayerEditor
LogPluginManager: Mounting plugin WebMMedia
LogPluginManager: Mounting plugin WmfMedia
LogPluginManager: Mounting plugin MeshPainting
LogPluginManager: Mounting plugin TcpMessaging
LogPluginManager: Mounting plugin UdpMessaging
LogPluginManager: Mounting plugin ActorSequence
LogPluginManager: Mounting plugin LevelSequenceEditor
LogPluginManager: Mounting plugin MatineeToLevelSequence
LogPluginManager: Mounting plugin MovieRenderPipeline
LogPluginManager: Mounting plugin TemplateSequence
LogPluginManager: Mounting plugin NetcodeUnitTest
LogPluginManager: Mounting plugin NUTUnrealEngine4
LogPluginManager: Mounting plugin OnlineSubsystemGooglePlay
LogPluginManager: Mounting plugin OnlineSubsystemIOS
LogPluginManager: Mounting plugin OnlineSubsystem
LogPluginManager: Mounting plugin OnlineSubsystemNull
LogPluginManager: Mounting plugin OnlineSubsystemUtils
LogPluginManager: Mounting plugin LauncherChunkInstaller
LogPluginManager: Mounting plugin AndroidDeviceProfileSelector
LogPluginManager: Mounting plugin AndroidMoviePlayer
LogPluginManager: Mounting plugin AndroidPermission
LogPluginManager: Mounting plugin ApexDestruction
LogPluginManager: Mounting plugin AppleImageUtils
LogPluginManager: Mounting plugin AppleMoviePlayer
LogPluginManager: Mounting plugin ArchVisCharacter
LogPluginManager: Mounting plugin AssetTags
LogPluginManager: Mounting plugin AudioCapture
LogPluginManager: Mounting plugin CableComponent
LogPluginManager: Mounting plugin CustomMeshComponent
LogPluginManager: Mounting plugin EditableMesh
LogPluginManager: Mounting plugin ExampleDeviceProfileSelector
LogPluginManager: Mounting plugin GoogleCloudMessaging
LogPluginManager: Mounting plugin GooglePAD
LogPluginManager: Mounting plugin IOSDeviceProfileSelector
LogPluginManager: Mounting plugin LinuxDeviceProfileSelector
LogPluginManager: Mounting plugin LocationServicesBPLibrary
LogPluginManager: Mounting plugin MobilePatchingUtils
LogPluginManager: Mounting plugin OculusVR
LogPluginManager: Mounting plugin PhysXVehicles
LogPluginManager: Mounting plugin PostSplashScreen
LogPluginManager: Mounting plugin ProceduralMeshComponent
LogPluginManager: Mounting plugin RuntimePhysXCooking
LogPluginManager: Mounting plugin SignificanceManager
LogPluginManager: Mounting plugin SoundFields
LogPluginManager: Mounting plugin SteamVR
LogPluginManager: Mounting plugin Synthesis
LogPluginManager: Mounting plugin WebMMoviePlayer
LogPluginManager: Mounting plugin WindowsMoviePlayer
LogPluginManager: Mounting plugin ScreenshotTools
LogInit: Using libcurl 7.55.1-DEV
LogInit:  - built for x86_64-pc-win32
LogInit:  - supports SSL with OpenSSL/1.1.1
LogInit:  - supports HTTP deflate (compression) using libz 1.2.8
LogInit:  - other features:
LogInit:      CURL_VERSION_SSL
LogInit:      CURL_VERSION_LIBZ
LogInit:      CURL_VERSION_IPV6
LogInit:      CURL_VERSION_ASYNCHDNS
LogInit:      CURL_VERSION_LARGEFILE
LogInit:      CURL_VERSION_IDN
LogInit:  CurlRequestOptions (configurable via config and command line):
LogInit:  - bVerifyPeer = true  - Libcurl will verify peer certificate
LogInit:  - bUseHttpProxy = false  - Libcurl will NOT use HTTP proxy
LogInit:  - bDontReuseConnections = false  - Libcurl will reuse connections
LogInit:  - MaxHostConnections = 16  - Libcurl will limit the number of connections to a host
LogInit:  - LocalHostAddr = Default
LogInit:  - BufferSize = 65536
LogOnline: OSS: Creating online subsystem instance for: NULL
LogInit: WinSock: version 1.1 (2.2), MaxSocks=32767, MaxUdp=65467
LogOnline: OSS: TryLoadSubsystemAndSetDefault: Loaded subsystem for module [NULL]
LogInit: Build: ++UE4+Release-4.25-CL-13942748
LogInit: Engine Version: 4.25.3-13942748+++UE4+Release-4.25
LogInit: Compatible Engine Version: 4.25.0-13144385+++UE4+Release-4.25
LogInit: Net CL: 13144385
LogInit: OS: Windows 10 (Release 1909) (), CPU: AMD Ryzen 5 3600 6-Core Processor              , GPU: NVIDIA GeForce RTX 2070 SUPER
LogInit: Compiled (64-bit): Jul 25 2020 02:07:48
LogInit: Compiled with Visual C++: 19.24.28315.00
LogInit: Build Configuration: Development
LogInit: Branch Name: ++UE4+Release-4.25
LogInit: Command Line: 
LogInit: Base Directory: E:/programming/UnrealEngine/UE_4.25/Engine/Binaries/Win64/
LogInit: Allocator: TBB
LogInit: Installed Engine Build: 1
LogDevObjectVersion: Number of dev versions registered: 26
LogDevObjectVersion:   Dev-Blueprints (B0D832E4-1F89-4F0D-ACCF-7EB736FD4AA2): 10
LogDevObjectVersion:   Dev-Build (E1C64328-A22C-4D53-A36C-8E866417BD8C): 0
LogDevObjectVersion:   Dev-Core (375EC13C-06E4-48FB-B500-84F0262A717E): 4
LogDevObjectVersion:   Dev-Editor (E4B068ED-F494-42E9-A231-DA0B2E46BB41): 38
LogDevObjectVersion:   Dev-Framework (CFFC743F-43B0-4480-9391-14DF171D2073): 37
LogDevObjectVersion:   Dev-Mobile (B02B49B5-BB20-44E9-A304-32B752E40360): 2
LogDevObjectVersion:   Dev-Networking (A4E4105C-59A1-49B5-A7C5-40C4547EDFEE): 0
LogDevObjectVersion:   Dev-Online (39C831C9-5AE6-47DC-9A44-9C173E1C8E7C): 0
LogDevObjectVersion:   Dev-Physics (78F01B33-EBEA-4F98-B9B4-84EACCB95AA2): 4
LogDevObjectVersion:   Dev-Platform (6631380F-2D4D-43E0-8009-CF276956A95A): 0
LogDevObjectVersion:   Dev-Rendering (12F88B9F-8875-4AFC-A67C-D90C383ABD29): 43
LogDevObjectVersion:   Dev-Sequencer (7B5AE74C-D270-4C10-A958-57980B212A5A): 12
LogDevObjectVersion:   Dev-VR (D7296918-1DD6-4BDD-9DE2-64A83CC13884): 3
LogDevObjectVersion:   Dev-LoadTimes (C2A15278-BFE7-4AFE-6C17-90FF531DF755): 1
LogDevObjectVersion:   Private-Geometry (6EACA3D4-40EC-4CC1-B786-8BED09428FC5): 3
LogDevObjectVersion:   Dev-AnimPhys (29E575DD-E0A3-4627-9D10-D276232CDCEA): 17
LogDevObjectVersion:   Dev-Anim (AF43A65D-7FD3-4947-9873-3E8ED9C1BB05): 7
LogDevObjectVersion:   Dev-ReflectionCapture (6B266CEC-1EC7-4B8F-A30B-E4D90942FC07): 1
LogDevObjectVersion:   Dev-Automation (0DF73D61-A23F-47EA-B727-89E90C41499A): 1
LogDevObjectVersion:   FortniteMain (601D1886-AC64-4F84-AA16-D3DE0DEAC7D6): 31
LogDevObjectVersion:   Dev-Enterprise (9DFFBCD6-494F-0158-E221-12823C92A888): 10
LogDevObjectVersion:   Dev-Niagara (F2AED0AC-9AFE-416F-8664-AA7FFA26D6FC): 1
LogDevObjectVersion:   Dev-Destruction (174F1F0B-B4C6-45A5-B13F-2EE8D0FB917D): 10
LogDevObjectVersion:   Dev-Physics-Ext (35F94A83-E258-406C-A318-09F59610247C): 37
LogDevObjectVersion:   Dev-PhysicsMaterial-Chaos (B68FC16E-8B1B-42E2-B453-215C058844FE): 1
LogDevObjectVersion:   Dev-CineCamera (B2E18506-4273-CFC2-A54E-F4BB758BBA07): 1
LogInit: Presizing for max 25165824 objects, including 0 objects not considered by GC, pre-allocating 0 bytes for permanent pool.
LogConfig: Applying CVar settings from Section [/Script/Engine.StreamingSettings] File [C:/Users/maxto/Documents/Unreal Projects/KursWork/PrimitiveWorld/Saved/Config/Windows/Engine.ini]
LogConfig: Setting CVar [[s.MinBulkDataSizeForAsyncLoading:131072]]
LogConfig: Setting CVar [[s.AsyncLoadingThreadEnabled:0]]
LogConfig: Setting CVar [[s.EventDrivenLoaderEnabled:1]]
LogConfig: Setting CVar [[s.WarnIfTimeLimitExceeded:0]]
LogConfig: Setting CVar [[s.TimeLimitExceededMultiplier:1.5]]
LogConfig: Setting CVar [[s.TimeLimitExceededMinTime:0.005]]
LogConfig: Setting CVar [[s.UseBackgroundLevelStreaming:1]]
LogConfig: Setting CVar [[s.PriorityAsyncLoadingExtraTime:15.0]]
LogConfig: Setting CVar [[s.LevelStreamingActorsUpdateTimeLimit:5.0]]
LogConfig: Setting CVar [[s.PriorityLevelStreamingActorsUpdateExtraTime:5.0]]
LogConfig: Setting CVar [[s.LevelStreamingComponentsRegistrationGranularity:10]]
LogConfig: Setting CVar [[s.UnregisterComponentsTimeLimit:1.0]]
LogConfig: Setting CVar [[s.LevelStreamingComponentsUnregistrationGranularity:5]]
LogConfig: Setting CVar [[s.FlushStreamingOnExit:1]]
LogInit: Object subsystem initialized
LogConfig: Setting CVar [[con.DebugEarlyDefault:1]]
LogConfig: Setting CVar [[r.setres:1280x720]]
[2020.10.19-21.55.34:652][  0]LogConfig: Setting CVar [[r.VSync:0]]
[2020.10.19-21.55.34:652][  0]LogConfig: Setting CVar [[r.RHICmdBypass:0]]
[2020.10.19-21.55.34:652][  0]LogConfig: Applying CVar settings from Section [/Script/Engine.RendererSettings] File [C:/Users/maxto/Documents/Unreal Projects/KursWork/PrimitiveWorld/Saved/Config/Windows/Engine.ini]
[2020.10.19-21.55.34:652][  0]LogConfig: Setting CVar [[r.GPUCrashDebugging:0]]
[2020.10.19-21.55.34:652][  0]LogConfig: Applying CVar settings from Section [/Script/Engine.RendererOverrideSettings] File [C:/Users/maxto/Documents/Unreal Projects/KursWork/PrimitiveWorld/Saved/Config/Windows/Engine.ini]
[2020.10.19-21.55.34:652][  0]LogConfig: Applying CVar settings from Section [/Script/Engine.StreamingSettings] File [C:/Users/maxto/Documents/Unreal Projects/KursWork/PrimitiveWorld/Saved/Config/Windows/Engine.ini]
[2020.10.19-21.55.34:652][  0]LogConfig: Setting CVar [[s.MinBulkDataSizeForAsyncLoading:131072]]
[2020.10.19-21.55.34:652][  0]LogConfig: Setting CVar [[s.AsyncLoadingThreadEnabled:0]]
[2020.10.19-21.55.34:652][  0]LogConfig: Setting CVar [[s.EventDrivenLoaderEnabled:1]]
[2020.10.19-21.55.34:652][  0]LogConfig: Setting CVar [[s.WarnIfTimeLimitExceeded:0]]
[2020.10.19-21.55.34:652][  0]LogConfig: Setting CVar [[s.TimeLimitExceededMultiplier:1.5]]
[2020.10.19-21.55.34:652][  0]LogConfig: Setting CVar [[s.TimeLimitExceededMinTime:0.005]]
[2020.10.19-21.55.34:652][  0]LogConfig: Setting CVar [[s.UseBackgroundLevelStreaming:1]]
[2020.10.19-21.55.34:652][  0]LogConfig: Setting CVar [[s.PriorityAsyncLoadingExtraTime:15.0]]
[2020.10.19-21.55.34:652][  0]LogConfig: Setting CVar [[s.LevelStreamingActorsUpdateTimeLimit:5.0]]
[2020.10.19-21.55.34:652][  0]LogConfig: Setting CVar [[s.PriorityLevelStreamingActorsUpdateExtraTime:5.0]]
[2020.10.19-21.55.34:652][  0]LogConfig: Setting CVar [[s.LevelStreamingComponentsRegistrationGranularity:10]]
[2020.10.19-21.55.34:652][  0]LogConfig: Setting CVar [[s.UnregisterComponentsTimeLimit:1.0]]
[2020.10.19-21.55.34:652][  0]LogConfig: Setting CVar [[s.LevelStreamingComponentsUnregistrationGranularity:5]]
[2020.10.19-21.55.34:652][  0]LogConfig: Setting CVar [[s.FlushStreamingOnExit:1]]
[2020.10.19-21.55.34:652][  0]LogConfig: Applying CVar settings from Section [/Script/Engine.GarbageCollectionSettings] File [C:/Users/maxto/Documents/Unreal Projects/KursWork/PrimitiveWorld/Saved/Config/Windows/Engine.ini]
[2020.10.19-21.55.34:652][  0]LogConfig: Setting CVar [[gc.MaxObjectsNotConsideredByGC:1]]
[2020.10.19-21.55.34:652][  0]LogConfig: Setting CVar [[gc.SizeOfPermanentObjectPool:0]]
[2020.10.19-21.55.34:652][  0]LogConfig: Setting CVar [[gc.FlushStreamingOnGC:0]]
[2020.10.19-21.55.34:652][  0]LogConfig: Setting CVar [[gc.NumRetriesBeforeForcingGC:10]]
[2020.10.19-21.55.34:652][  0]LogConfig: Setting CVar [[gc.AllowParallelGC:1]]
[2020.10.19-21.55.34:652][  0]LogConfig: Setting CVar [[gc.TimeBetweenPurgingPendingKillObjects:61.1]]
[2020.10.19-21.55.34:652][  0]LogConfig: Setting CVar [[gc.MaxObjectsInEditor:25165824]]
[2020.10.19-21.55.34:652][  0]LogConfig: Setting CVar [[gc.IncrementalBeginDestroyEnabled:1]]
[2020.10.19-21.55.34:652][  0]LogConfig: Setting CVar [[gc.CreateGCClusters:1]]
[2020.10.19-21.55.34:652][  0]LogConfig: Setting CVar [[gc.MinGCClusterSize:5]]
[2020.10.19-21.55.34:652][  0]LogConfig: Setting CVar [[gc.ActorClusteringEnabled:0]]
[2020.10.19-21.55.34:652][  0]LogConfig: Setting CVar [[gc.BlueprintClusteringEnabled:0]]
[2020.10.19-21.55.34:652][  0]LogConfig: Setting CVar [[gc.UseDisregardForGCOnDedicatedServers:0]]
[2020.10.19-21.55.34:652][  0]LogConfig: Applying CVar settings from Section [/Script/Engine.NetworkSettings] File [C:/Users/maxto/Documents/Unreal Projects/KursWork/PrimitiveWorld/Saved/Config/Windows/Engine.ini]
[2020.10.19-21.55.34:652][  0]LogConfig: Applying CVar settings from Section [/Script/UnrealEd.CookerSettings] File [C:/Users/maxto/Documents/Unreal Projects/KursWork/PrimitiveWorld/Saved/Config/Windows/Engine.ini]
[2020.10.19-21.55.34:654][  0]LogConfig: Applying CVar settings from Section [ViewDistanceQuality@3] File [C:/Users/maxto/Documents/Unreal Projects/KursWork/PrimitiveWorld/Saved/Config/Windows/Scalability.ini]
[2020.10.19-21.55.34:654][  0]LogConfig: Setting CVar [[r.SkeletalMeshLODBias:0]]
[2020.10.19-21.55.34:654][  0]LogConfig: Setting CVar [[r.ViewDistanceScale:1.0]]
[2020.10.19-21.55.34:654][  0]LogConfig: Applying CVar settings from Section [AntiAliasingQuality@3] File [C:/Users/maxto/Documents/Unreal Projects/KursWork/PrimitiveWorld/Saved/Config/Windows/Scalability.ini]
[2020.10.19-21.55.34:654][  0]LogConfig: Setting CVar [[r.PostProcessAAQuality:4]]
[2020.10.19-21.55.34:654][  0]LogConfig: Applying CVar settings from Section [ShadowQuality@3] File [C:/Users/maxto/Documents/Unreal Projects/KursWork/PrimitiveWorld/Saved/Config/Windows/Scalability.ini]
[2020.10.19-21.55.34:654][  0]LogConfig: Setting CVar [[r.LightFunctionQuality:1]]
[2020.10.19-21.55.34:654][  0]LogConfig: Setting CVar [[r.ShadowQuality:5]]
[2020.10.19-21.55.34:654][  0]LogConfig: Setting CVar [[r.Shadow.CSM.MaxCascades:10]]
[2020.10.19-21.55.34:654][  0]LogConfig: Setting CVar [[r.Shadow.MaxResolution:2048]]
[2020.10.19-21.55.34:654][  0]LogConfig: Setting CVar [[r.Shadow.MaxCSMResolution:2048]]
[2020.10.19-21.55.34:654][  0]LogConfig: Setting CVar [[r.Shadow.RadiusThreshold:0.01]]
[2020.10.19-21.55.34:654][  0]LogConfig: Setting CVar [[r.Shadow.DistanceScale:1.0]]
[2020.10.19-21.55.34:654][  0]LogConfig: Setting CVar [[r.Shadow.CSM.TransitionScale:1.0]]
[2020.10.19-21.55.34:654][  0]LogConfig: Setting CVar [[r.Shadow.PreShadowResolutionFactor:1.0]]
[2020.10.19-21.55.34:654][  0]LogConfig: Setting CVar [[r.DistanceFieldShadowing:1]]
[2020.10.19-21.55.34:654][  0]LogConfig: Setting CVar [[r.DistanceFieldAO:1]]
[2020.10.19-21.55.34:654][  0]LogConfig: Setting CVar [[r.AOQuality:2]]
[2020.10.19-21.55.34:654][  0]LogConfig: Setting CVar [[r.VolumetricFog:1]]
[2020.10.19-21.55.34:654][  0]LogConfig: Setting CVar [[r.VolumetricFog.GridPixelSize:8]]
[2020.10.19-21.55.34:654][  0]LogConfig: Setting CVar [[r.VolumetricFog.GridSizeZ:128]]
[2020.10.19-21.55.34:654][  0]LogConfig: Setting CVar [[r.VolumetricFog.HistoryMissSupersampleCount:4]]
[2020.10.19-21.55.34:654][  0]LogConfig: Setting CVar [[r.LightMaxDrawDistanceScale:1]]
[2020.10.19-21.55.34:655][  0]LogConfig: Setting CVar [[r.CapsuleShadows:1]]
[2020.10.19-21.55.34:655][  0]LogConfig: Applying CVar settings from Section [PostProcessQuality@3] File [C:/Users/maxto/Documents/Unreal Projects/KursWork/PrimitiveWorld/Saved/Config/Windows/Scalability.ini]
[2020.10.19-21.55.34:655][  0]LogConfig: Setting CVar [[r.MotionBlurQuality:4]]
[2020.10.19-21.55.34:655][  0]LogConfig: Setting CVar [[r.AmbientOcclusionMipLevelFactor:0.4]]
[2020.10.19-21.55.34:655][  0]LogConfig: Setting CVar [[r.AmbientOcclusionMaxQuality:100]]
[2020.10.19-21.55.34:655][  0]LogConfig: Setting CVar [[r.AmbientOcclusionLevels:-1]]
[2020.10.19-21.55.34:655][  0]LogConfig: Setting CVar [[r.AmbientOcclusionRadiusScale:1.0]]
[2020.10.19-21.55.34:655][  0]LogConfig: Setting CVar [[r.DepthOfFieldQuality:2]]
[2020.10.19-21.55.34:655][  0]LogConfig: Setting CVar [[r.RenderTargetPoolMin:400]]
[2020.10.19-21.55.34:655][  0]LogConfig: Setting CVar [[r.LensFlareQuality:2]]
[2020.10.19-21.55.34:655][  0]LogConfig: Setting CVar [[r.SceneColorFringeQuality:1]]
[2020.10.19-21.55.34:655][  0]LogConfig: Setting CVar [[r.EyeAdaptationQuality:2]]
[2020.10.19-21.55.34:655][  0]LogConfig: Setting CVar [[r.BloomQuality:5]]
[2020.10.19-21.55.34:655][  0]LogConfig: Setting CVar [[r.FastBlurThreshold:100]]
[2020.10.19-21.55.34:655][  0]LogConfig: Setting CVar [[r.Upscale.Quality:3]]
[2020.10.19-21.55.34:655][  0]LogConfig: Setting CVar [[r.Tonemapper.GrainQuantization:1]]
[2020.10.19-21.55.34:655][  0]LogConfig: Setting CVar [[r.LightShaftQuality:1]]
[2020.10.19-21.55.34:655][  0]LogConfig: Setting CVar [[r.Filter.SizeScale:1]]
[2020.10.19-21.55.34:655][  0]LogConfig: Setting CVar [[r.Tonemapper.Quality:5]]
[2020.10.19-21.55.34:655][  0]LogConfig: Setting CVar [[r.DOF.Gather.AccumulatorQuality:1        ; higher gathering accumulator quality]]
[2020.10.19-21.55.34:655][  0]LogConfig: Setting CVar [[r.DOF.Gather.PostfilterMethod:1          ; Median3x3 postfilering method]]
[2020.10.19-21.55.34:655][  0]LogConfig: Setting CVar [[r.DOF.Gather.EnableBokehSettings:0       ; no bokeh simulation when gathering]]
[2020.10.19-21.55.34:655][  0]LogConfig: Setting CVar [[r.DOF.Gather.RingCount:4                 ; medium number of samples when gathering]]
[2020.10.19-21.55.34:655][  0]LogConfig: Setting CVar [[r.DOF.Scatter.ForegroundCompositing:1    ; additive foreground scattering]]
[2020.10.19-21.55.34:655][  0]LogConfig: Setting CVar [[r.DOF.Scatter.BackgroundCompositing:2    ; additive background scattering]]
[2020.10.19-21.55.34:655][  0]LogConfig: Setting CVar [[r.DOF.Scatter.EnableBokehSettings:1      ; bokeh simulation when scattering]]
[2020.10.19-21.55.34:655][  0]LogConfig: Setting CVar [[r.DOF.Scatter.MaxSpriteRatio:0.1         ; only a maximum of 10% of scattered bokeh]]
[2020.10.19-21.55.34:655][  0]LogConfig: Setting CVar [[r.DOF.Recombine.Quality:1                ; cheap slight out of focus]]
[2020.10.19-21.55.34:655][  0]LogConfig: Setting CVar [[r.DOF.Recombine.EnableBokehSettings:0    ; no bokeh simulation on slight out of focus]]
[2020.10.19-21.55.34:655][  0]LogConfig: Setting CVar [[r.DOF.TemporalAAQuality:1                ; more stable temporal accumulation]]
[2020.10.19-21.55.34:655][  0]LogConfig: Setting CVar [[r.DOF.Kernel.MaxForegroundRadius:0.025]]
[2020.10.19-21.55.34:655][  0]LogConfig: Setting CVar [[r.DOF.Kernel.MaxBackgroundRadius:0.025]]
[2020.10.19-21.55.34:655][  0]LogConfig: Applying CVar settings from Section [TextureQuality@3] File [C:/Users/maxto/Documents/Unreal Projects/KursWork/PrimitiveWorld/Saved/Config/Windows/Scalability.ini]
[2020.10.19-21.55.34:655][  0]LogConfig: Setting CVar [[r.Streaming.MipBias:0]]
[2020.10.19-21.55.34:655][  0]LogConfig: Setting CVar [[r.Streaming.AmortizeCPUToGPUCopy:0]]
[2020.10.19-21.55.34:655][  0]LogConfig: Setting CVar [[r.Streaming.MaxNumTexturesToStreamPerFrame:0]]
[2020.10.19-21.55.34:655][  0]LogConfig: Setting CVar [[r.Streaming.Boost:1]]
[2020.10.19-21.55.34:655][  0]LogConfig: Setting CVar [[r.MaxAnisotropy:8]]
[2020.10.19-21.55.34:655][  0]LogConfig: Setting CVar [[r.VT.MaxAnisotropy:8]]
[2020.10.19-21.55.34:655][  0]LogConfig: Setting CVar [[r.Streaming.LimitPoolSizeToVRAM:0]]
[2020.10.19-21.55.34:655][  0]LogConfig: Setting CVar [[r.Streaming.PoolSize:1000]]
[2020.10.19-21.55.34:655][  0]LogConfig: Setting CVar [[r.Streaming.MaxEffectiveScreenSize:0]]
[2020.10.19-21.55.34:655][  0]LogConfig: Applying CVar settings from Section [EffectsQuality@3] File [C:/Users/maxto/Documents/Unreal Projects/KursWork/PrimitiveWorld/Saved/Config/Windows/Scalability.ini]
[2020.10.19-21.55.34:655][  0]LogConfig: Setting CVar [[r.TranslucencyLightingVolumeDim:64]]
[2020.10.19-21.55.34:655][  0]LogConfig: Setting CVar [[r.RefractionQuality:2]]
[2020.10.19-21.55.34:655][  0]LogConfig: Setting CVar [[r.SSR.Quality:3]]
[2020.10.19-21.55.34:655][  0]LogConfig: Setting CVar [[r.SSR.HalfResSceneColor:0]]
[2020.10.19-21.55.34:655][  0]LogConfig: Setting CVar [[r.SceneColorFormat:4]]
[2020.10.19-21.55.34:655][  0]LogConfig: Setting CVar [[r.DetailMode:2]]
[2020.10.19-21.55.34:655][  0]LogConfig: Setting CVar [[r.TranslucencyVolumeBlur:1]]
[2020.10.19-21.55.34:655][  0]LogConfig: Setting CVar [[r.MaterialQualityLevel:1 ; High quality]]
[2020.10.19-21.55.34:655][  0]LogConfig: Setting CVar [[r.SSS.Scale:1]]
[2020.10.19-21.55.34:655][  0]LogConfig: Setting CVar [[r.SSS.SampleSet:2]]
[2020.10.19-21.55.34:655][  0]LogConfig: Setting CVar [[r.SSS.Quality:1]]
[2020.10.19-21.55.34:655][  0]LogConfig: Setting CVar [[r.SSS.HalfRes:0]]
[2020.10.19-21.55.34:655][  0]LogConfig: Setting CVar [[r.SSGI.Quality:3]]
[2020.10.19-21.55.34:655][  0]LogConfig: Setting CVar [[r.EmitterSpawnRateScale:1.0]]
[2020.10.19-21.55.34:655][  0]LogConfig: Setting CVar [[r.ParticleLightQuality:2]]
[2020.10.19-21.55.34:655][  0]LogConfig: Setting CVar [[r.SkyAtmosphere.AerialPerspectiveLUT.FastApplyOnOpaque:1 ; Always have FastSkyLUT 1 in this case to avoid wrong sky]]
[2020.10.19-21.55.34:655][  0]LogConfig: Setting CVar [[r.SkyAtmosphere.AerialPerspectiveLUT.SampleCountPerSlice:1]]
[2020.10.19-21.55.34:655][  0]LogConfig: Setting CVar [[r.SkyAtmosphere.AerialPerspectiveLUT.DepthResolution:16.0]]
[2020.10.19-21.55.34:655][  0]LogConfig: Setting CVar [[r.SkyAtmosphere.FastSkyLUT:1]]
[2020.10.19-21.55.34:655][  0]LogConfig: Setting CVar [[r.SkyAtmosphere.FastSkyLUT.SampleCountMin:4.0]]
[2020.10.19-21.55.34:655][  0]LogConfig: Setting CVar [[r.SkyAtmosphere.FastSkyLUT.SampleCountMax:32.0]]
[2020.10.19-21.55.34:655][  0]LogConfig: Setting CVar [[r.SkyAtmosphere.SampleCountMin:4.0]]
[2020.10.19-21.55.34:655][  0]LogConfig: Setting CVar [[r.SkyAtmosphere.SampleCountMax:32.0]]
[2020.10.19-21.55.34:655][  0]LogConfig: Setting CVar [[r.SkyAtmosphere.TransmittanceLUT.UseSmallFormat:0]]
[2020.10.19-21.55.34:655][  0]LogConfig: Setting CVar [[r.SkyAtmosphere.TransmittanceLUT.SampleCount:10.0]]
[2020.10.19-21.55.34:655][  0]LogConfig: Setting CVar [[r.SkyAtmosphere.MultiScatteringLUT.SampleCount:15.0]]
[2020.10.19-21.55.34:655][  0]LogConfig: Applying CVar settings from Section [FoliageQuality@3] File [C:/Users/maxto/Documents/Unreal Projects/KursWork/PrimitiveWorld/Saved/Config/Windows/Scalability.ini]
[2020.10.19-21.55.34:655][  0]LogConfig: Setting CVar [[foliage.DensityScale:1.0]]
[2020.10.19-21.55.34:655][  0]LogConfig: Setting CVar [[grass.DensityScale:1.0]]
[2020.10.19-21.55.34:655][  0]LogConfig: Applying CVar settings from Section [ShadingQuality@3] File [C:/Users/maxto/Documents/Unreal Projects/KursWork/PrimitiveWorld/Saved/Config/Windows/Scalability.ini]
[2020.10.19-21.55.34:655][  0]LogConfig: Setting CVar [[r.HairStrands.SkyLighting.SampleCount:16]]
[2020.10.19-21.55.34:655][  0]LogConfig: Setting CVar [[r.HairStrands.SkyLighting.JitterIntegration:0]]
[2020.10.19-21.55.34:655][  0]LogConfig: Setting CVar [[r.HairStrands.SkyAO.SampleCount:16]]
[2020.10.19-21.55.34:655][  0]LogConfig: Setting CVar [[r.HairStrands.DeepShadow.SuperSampling:0]]
[2020.10.19-21.55.34:655][  0]LogConfig: Setting CVar [[r.HairStrands.VisibilityPPLL:0]]
[2020.10.19-21.55.34:655][  0]LogConfig: Setting CVar [[r.HairStrands.RasterizationScale:0.5]]
[2020.10.19-21.55.34:655][  0]LogConfig: Setting CVar [[r.HairStrands.VelocityRasterizationScale:1]]
[2020.10.19-21.55.34:655][  0]LogInit: Selected Device Profile: [Windows]
[2020.10.19-21.55.34:655][  0]LogInit: Applying CVar settings loaded from the selected device profile: [Windows]
[2020.10.19-21.55.34:655][  0]LogHAL: Display: Platform has ~ 32 GB [34305683456 / 34359738368 / 32], which maps to Largest [LargestMinGB=32, LargerMinGB=12, DefaultMinGB=8, SmallerMinGB=6, SmallestMinGB=0)
[2020.10.19-21.55.34:655][  0]LogInit: Going up to parent DeviceProfile []
[2020.10.19-21.55.34:656][  0]LogConfig: Applying CVar settings from Section [ViewDistanceQuality@3] File [C:/Users/maxto/Documents/Unreal Projects/KursWork/PrimitiveWorld/Saved/Config/Windows/Scalability.ini]
[2020.10.19-21.55.34:656][  0]LogConfig: Setting CVar [[r.SkeletalMeshLODBias:0]]
[2020.10.19-21.55.34:656][  0]LogConfig: Setting CVar [[r.ViewDistanceScale:1.0]]
[2020.10.19-21.55.34:656][  0]LogConfig: Applying CVar settings from Section [AntiAliasingQuality@3] File [C:/Users/maxto/Documents/Unreal Projects/KursWork/PrimitiveWorld/Saved/Config/Windows/Scalability.ini]
[2020.10.19-21.55.34:656][  0]LogConfig: Setting CVar [[r.PostProcessAAQuality:4]]
[2020.10.19-21.55.34:656][  0]LogConfig: Applying CVar settings from Section [ShadowQuality@3] File [C:/Users/maxto/Documents/Unreal Projects/KursWork/PrimitiveWorld/Saved/Config/Windows/Scalability.ini]
[2020.10.19-21.55.34:656][  0]LogConfig: Setting CVar [[r.LightFunctionQuality:1]]
[2020.10.19-21.55.34:656][  0]LogConfig: Setting CVar [[r.ShadowQuality:5]]
[2020.10.19-21.55.34:656][  0]LogConfig: Setting CVar [[r.Shadow.CSM.MaxCascades:10]]
[2020.10.19-21.55.34:656][  0]LogConfig: Setting CVar [[r.Shadow.MaxResolution:2048]]
[2020.10.19-21.55.34:656][  0]LogConfig: Setting CVar [[r.Shadow.MaxCSMResolution:2048]]
[2020.10.19-21.55.34:656][  0]LogConfig: Setting CVar [[r.Shadow.RadiusThreshold:0.01]]
[2020.10.19-21.55.34:656][  0]LogConfig: Setting CVar [[r.Shadow.DistanceScale:1.0]]
[2020.10.19-21.55.34:656][  0]LogConfig: Setting CVar [[r.Shadow.CSM.TransitionScale:1.0]]
[2020.10.19-21.55.34:656][  0]LogConfig: Setting CVar [[r.Shadow.PreShadowResolutionFactor:1.0]]
[2020.10.19-21.55.34:656][  0]LogConfig: Setting CVar [[r.DistanceFieldShadowing:1]]
[2020.10.19-21.55.34:656][  0]LogConfig: Setting CVar [[r.DistanceFieldAO:1]]
[2020.10.19-21.55.34:656][  0]LogConfig: Setting CVar [[r.AOQuality:2]]
[2020.10.19-21.55.34:656][  0]LogConfig: Setting CVar [[r.VolumetricFog:1]]
[2020.10.19-21.55.34:656][  0]LogConfig: Setting CVar [[r.VolumetricFog.GridPixelSize:8]]
[2020.10.19-21.55.34:656][  0]LogConfig: Setting CVar [[r.VolumetricFog.GridSizeZ:128]]
[2020.10.19-21.55.34:656][  0]LogConfig: Setting CVar [[r.VolumetricFog.HistoryMissSupersampleCount:4]]
[2020.10.19-21.55.34:656][  0]LogConfig: Setting CVar [[r.LightMaxDrawDistanceScale:1]]
[2020.10.19-21.55.34:656][  0]LogConfig: Setting CVar [[r.CapsuleShadows:1]]
[2020.10.19-21.55.34:656][  0]LogConfig: Applying CVar settings from Section [PostProcessQuality@3] File [C:/Users/maxto/Documents/Unreal Projects/KursWork/PrimitiveWorld/Saved/Config/Windows/Scalability.ini]
[2020.10.19-21.55.34:656][  0]LogConfig: Setting CVar [[r.MotionBlurQuality:4]]
[2020.10.19-21.55.34:656][  0]LogConfig: Setting CVar [[r.AmbientOcclusionMipLevelFactor:0.4]]
[2020.10.19-21.55.34:656][  0]LogConfig: Setting CVar [[r.AmbientOcclusionMaxQuality:100]]
[2020.10.19-21.55.34:656][  0]LogConfig: Setting CVar [[r.AmbientOcclusionLevels:-1]]
[2020.10.19-21.55.34:656][  0]LogConfig: Setting CVar [[r.AmbientOcclusionRadiusScale:1.0]]
[2020.10.19-21.55.34:656][  0]LogConfig: Setting CVar [[r.DepthOfFieldQuality:2]]
[2020.10.19-21.55.34:656][  0]LogConfig: Setting CVar [[r.RenderTargetPoolMin:400]]
[2020.10.19-21.55.34:656][  0]LogConfig: Setting CVar [[r.LensFlareQuality:2]]
[2020.10.19-21.55.34:656][  0]LogConfig: Setting CVar [[r.SceneColorFringeQuality:1]]
[2020.10.19-21.55.34:656][  0]LogConfig: Setting CVar [[r.EyeAdaptationQuality:2]]
[2020.10.19-21.55.34:656][  0]LogConfig: Setting CVar [[r.BloomQuality:5]]
[2020.10.19-21.55.34:656][  0]LogConfig: Setting CVar [[r.FastBlurThreshold:100]]
[2020.10.19-21.55.34:656][  0]LogConfig: Setting CVar [[r.Upscale.Quality:3]]
[2020.10.19-21.55.34:656][  0]LogConfig: Setting CVar [[r.Tonemapper.GrainQuantization:1]]
[2020.10.19-21.55.34:656][  0]LogConfig: Setting CVar [[r.LightShaftQuality:1]]
[2020.10.19-21.55.34:656][  0]LogConfig: Setting CVar [[r.Filter.SizeScale:1]]
[2020.10.19-21.55.34:656][  0]LogConfig: Setting CVar [[r.Tonemapper.Quality:5]]
[2020.10.19-21.55.34:656][  0]LogConfig: Setting CVar [[r.DOF.Gather.AccumulatorQuality:1        ; higher gathering accumulator quality]]
[2020.10.19-21.55.34:656][  0]LogConfig: Setting CVar [[r.DOF.Gather.PostfilterMethod:1          ; Median3x3 postfilering method]]
[2020.10.19-21.55.34:656][  0]LogConfig: Setting CVar [[r.DOF.Gather.EnableBokehSettings:0       ; no bokeh simulation when gathering]]
[2020.10.19-21.55.34:656][  0]LogConfig: Setting CVar [[r.DOF.Gather.RingCount:4                 ; medium number of samples when gathering]]
[2020.10.19-21.55.34:656][  0]LogConfig: Setting CVar [[r.DOF.Scatter.ForegroundCompositing:1    ; additive foreground scattering]]
[2020.10.19-21.55.34:656][  0]LogConfig: Setting CVar [[r.DOF.Scatter.BackgroundCompositing:2    ; additive background scattering]]
[2020.10.19-21.55.34:656][  0]LogConfig: Setting CVar [[r.DOF.Scatter.EnableBokehSettings:1      ; bokeh simulation when scattering]]
[2020.10.19-21.55.34:656][  0]LogConfig: Setting CVar [[r.DOF.Scatter.MaxSpriteRatio:0.1         ; only a maximum of 10% of scattered bokeh]]
[2020.10.19-21.55.34:656][  0]LogConfig: Setting CVar [[r.DOF.Recombine.Quality:1                ; cheap slight out of focus]]
[2020.10.19-21.55.34:656][  0]LogConfig: Setting CVar [[r.DOF.Recombine.EnableBokehSettings:0    ; no bokeh simulation on slight out of focus]]
[2020.10.19-21.55.34:656][  0]LogConfig: Setting CVar [[r.DOF.TemporalAAQuality:1                ; more stable temporal accumulation]]
[2020.10.19-21.55.34:656][  0]LogConfig: Setting CVar [[r.DOF.Kernel.MaxForegroundRadius:0.025]]
[2020.10.19-21.55.34:656][  0]LogConfig: Setting CVar [[r.DOF.Kernel.MaxBackgroundRadius:0.025]]
[2020.10.19-21.55.34:656][  0]LogConfig: Applying CVar settings from Section [TextureQuality@3] File [C:/Users/maxto/Documents/Unreal Projects/KursWork/PrimitiveWorld/Saved/Config/Windows/Scalability.ini]
[2020.10.19-21.55.34:656][  0]LogConfig: Setting CVar [[r.Streaming.MipBias:0]]
[2020.10.19-21.55.34:656][  0]LogConfig: Setting CVar [[r.Streaming.AmortizeCPUToGPUCopy:0]]
[2020.10.19-21.55.34:656][  0]LogConfig: Setting CVar [[r.Streaming.MaxNumTexturesToStreamPerFrame:0]]
[2020.10.19-21.55.34:656][  0]LogConfig: Setting CVar [[r.Streaming.Boost:1]]
[2020.10.19-21.55.34:656][  0]LogConfig: Setting CVar [[r.MaxAnisotropy:8]]
[2020.10.19-21.55.34:656][  0]LogConfig: Setting CVar [[r.VT.MaxAnisotropy:8]]
[2020.10.19-21.55.34:656][  0]LogConfig: Setting CVar [[r.Streaming.LimitPoolSizeToVRAM:0]]
[2020.10.19-21.55.34:656][  0]LogConfig: Setting CVar [[r.Streaming.PoolSize:1000]]
[2020.10.19-21.55.34:656][  0]LogConfig: Setting CVar [[r.Streaming.MaxEffectiveScreenSize:0]]
[2020.10.19-21.55.34:656][  0]LogConfig: Applying CVar settings from Section [EffectsQuality@3] File [C:/Users/maxto/Documents/Unreal Projects/KursWork/PrimitiveWorld/Saved/Config/Windows/Scalability.ini]
[2020.10.19-21.55.34:656][  0]LogConfig: Setting CVar [[r.TranslucencyLightingVolumeDim:64]]
[2020.10.19-21.55.34:656][  0]LogConfig: Setting CVar [[r.RefractionQuality:2]]
[2020.10.19-21.55.34:656][  0]LogConfig: Setting CVar [[r.SSR.Quality:3]]
[2020.10.19-21.55.34:656][  0]LogConfig: Setting CVar [[r.SSR.HalfResSceneColor:0]]
[2020.10.19-21.55.34:656][  0]LogConfig: Setting CVar [[r.SceneColorFormat:4]]
[2020.10.19-21.55.34:656][  0]LogConfig: Setting CVar [[r.DetailMode:2]]
[2020.10.19-21.55.34:656][  0]LogConfig: Setting CVar [[r.TranslucencyVolumeBlur:1]]
[2020.10.19-21.55.34:656][  0]LogConfig: Setting CVar [[r.MaterialQualityLevel:1 ; High quality]]
[2020.10.19-21.55.34:656][  0]LogConfig: Setting CVar [[r.SSS.Scale:1]]
[2020.10.19-21.55.34:656][  0]LogConfig: Setting CVar [[r.SSS.SampleSet:2]]
[2020.10.19-21.55.34:656][  0]LogConfig: Setting CVar [[r.SSS.Quality:1]]
[2020.10.19-21.55.34:656][  0]LogConfig: Setting CVar [[r.SSS.HalfRes:0]]
[2020.10.19-21.55.34:656][  0]LogConfig: Setting CVar [[r.SSGI.Quality:3]]
[2020.10.19-21.55.34:656][  0]LogConfig: Setting CVar [[r.EmitterSpawnRateScale:1.0]]
[2020.10.19-21.55.34:656][  0]LogConfig: Setting CVar [[r.ParticleLightQuality:2]]
[2020.10.19-21.55.34:656][  0]LogConfig: Setting CVar [[r.SkyAtmosphere.AerialPerspectiveLUT.FastApplyOnOpaque:1 ; Always have FastSkyLUT 1 in this case to avoid wrong sky]]
[2020.10.19-21.55.34:656][  0]LogConfig: Setting CVar [[r.SkyAtmosphere.AerialPerspectiveLUT.SampleCountPerSlice:1]]
[2020.10.19-21.55.34:656][  0]LogConfig: Setting CVar [[r.SkyAtmosphere.AerialPerspectiveLUT.DepthResolution:16.0]]
[2020.10.19-21.55.34:656][  0]LogConfig: Setting CVar [[r.SkyAtmosphere.FastSkyLUT:1]]
[2020.10.19-21.55.34:656][  0]LogConfig: Setting CVar [[r.SkyAtmosphere.FastSkyLUT.SampleCountMin:4.0]]
[2020.10.19-21.55.34:656][  0]LogConfig: Setting CVar [[r.SkyAtmosphere.FastSkyLUT.SampleCountMax:32.0]]
[2020.10.19-21.55.34:656][  0]LogConfig: Setting CVar [[r.SkyAtmosphere.SampleCountMin:4.0]]
[2020.10.19-21.55.34:656][  0]LogConfig: Setting CVar [[r.SkyAtmosphere.SampleCountMax:32.0]]
[2020.10.19-21.55.34:656][  0]LogConfig: Setting CVar [[r.SkyAtmosphere.TransmittanceLUT.UseSmallFormat:0]]
[2020.10.19-21.55.34:656][  0]LogConfig: Setting CVar [[r.SkyAtmosphere.TransmittanceLUT.SampleCount:10.0]]
[2020.10.19-21.55.34:656][  0]LogConfig: Setting CVar [[r.SkyAtmosphere.MultiScatteringLUT.SampleCount:15.0]]
[2020.10.19-21.55.34:656][  0]LogConfig: Applying CVar settings from Section [FoliageQuality@3] File [C:/Users/maxto/Documents/Unreal Projects/KursWork/PrimitiveWorld/Saved/Config/Windows/Scalability.ini]
[2020.10.19-21.55.34:656][  0]LogConfig: Setting CVar [[foliage.DensityScale:1.0]]
[2020.10.19-21.55.34:657][  0]LogConfig: Setting CVar [[grass.DensityScale:1.0]]
[2020.10.19-21.55.34:657][  0]LogConfig: Applying CVar settings from Section [ShadingQuality@3] File [C:/Users/maxto/Documents/Unreal Projects/KursWork/PrimitiveWorld/Saved/Config/Windows/Scalability.ini]
[2020.10.19-21.55.34:657][  0]LogConfig: Setting CVar [[r.HairStrands.SkyLighting.SampleCount:16]]
[2020.10.19-21.55.34:657][  0]LogConfig: Setting CVar [[r.HairStrands.SkyLighting.JitterIntegration:0]]
[2020.10.19-21.55.34:657][  0]LogConfig: Setting CVar [[r.HairStrands.SkyAO.SampleCount:16]]
[2020.10.19-21.55.34:657][  0]LogConfig: Setting CVar [[r.HairStrands.DeepShadow.SuperSampling:0]]
[2020.10.19-21.55.34:657][  0]LogConfig: Setting CVar [[r.HairStrands.VisibilityPPLL:0]]
[2020.10.19-21.55.34:657][  0]LogConfig: Setting CVar [[r.HairStrands.RasterizationScale:0.5]]
[2020.10.19-21.55.34:657][  0]LogConfig: Setting CVar [[r.HairStrands.VelocityRasterizationScale:1]]
[2020.10.19-21.55.34:657][  0]LogConfig: Applying CVar settings from Section [Startup] File [../../../Engine/Config/ConsoleVariables.ini]
[2020.10.19-21.55.34:657][  0]LogConfig: Setting CVar [[net.UseAdaptiveNetUpdateFrequency:0]]
[2020.10.19-21.55.34:657][  0]LogConfig: Setting CVar [[p.chaos.AllowCreatePhysxBodies:1]]
[2020.10.19-21.55.34:657][  0]LogConfig: Setting CVar [[fx.SkipVectorVMBackendOptimizations:1]]
[2020.10.19-21.55.34:657][  0]LogConfig: Applying CVar settings from Section [ConsoleVariables] File [C:/Users/maxto/Documents/Unreal Projects/KursWork/PrimitiveWorld/Saved/Config/Windows/Engine.ini]
[2020.10.19-21.55.34:657][  0]LogInit: Computer: DESKTOP-4H9SS5A
[2020.10.19-21.55.34:657][  0]LogInit: User: maxto
[2020.10.19-21.55.34:657][  0]LogInit: CPU Page size=4096, Cores=6
[2020.10.19-21.55.34:657][  0]LogInit: High frequency timer resolution =10.000000 MHz
[2020.10.19-21.55.34:657][  0]LogMemory: Memory total: Physical=31.9GB (32GB approx)
[2020.10.19-21.55.34:657][  0]LogMemory: Platform Memory Stats for Windows
[2020.10.19-21.55.34:657][  0]LogMemory: Process Physical Memory: 115.69 MB used, 115.69 MB peak
[2020.10.19-21.55.34:657][  0]LogMemory: Process Virtual Memory: 105.45 MB used, 105.45 MB peak
[2020.10.19-21.55.34:657][  0]LogMemory: Physical Memory: 11416.66 MB used,  21299.79 MB free, 32716.45 MB total
[2020.10.19-21.55.34:657][  0]LogMemory: Virtual Memory: 5173.41 MB used,  134212552.00 MB free, 134217728.00 MB total
[2020.10.19-21.55.34:662][  0]LogWindows: WindowsPlatformFeatures enabled
[2020.10.19-21.55.34:686][  0]LogInit: Physics initialised using underlying interface: PhysX
[2020.10.19-21.55.34:687][  0]LogInit: Using OS detected language (ru-RU).
[2020.10.19-21.55.34:687][  0]LogInit: Using OS detected locale (ru-RU).
[2020.10.19-21.55.34:688][  0]LogTextLocalizationManager: No specific localization for 'ru-RU' exists, so the 'ru' localization will be used.
[2020.10.19-21.55.34:688][  0]LogTextLocalizationResource: LocRes '../../../Engine/Content/Localization/Editor/ru/Editor.locres' could not be opened for reading!
[2020.10.19-21.55.34:688][  0]LogTextLocalizationResource: LocRes '../../../Engine/Content/Localization/EditorTutorials/ru/EditorTutorials.locres' could not be opened for reading!
[2020.10.19-21.55.34:688][  0]LogTextLocalizationResource: LocRes '../../../Engine/Content/Localization/Keywords/ru/Keywords.locres' could not be opened for reading!
[2020.10.19-21.55.34:688][  0]LogTextLocalizationResource: LocRes '../../../Engine/Content/Localization/Category/ru/Category.locres' could not be opened for reading!
[2020.10.19-21.55.34:688][  0]LogTextLocalizationResource: LocRes '../../../Engine/Content/Localization/ToolTips/ru/ToolTips.locres' could not be opened for reading!
[2020.10.19-21.55.34:688][  0]LogTextLocalizationResource: LocRes '../../../Engine/Content/Localization/PropertyNames/ru/PropertyNames.locres' could not be opened for reading!
[2020.10.19-21.55.34:688][  0]LogTextLocalizationResource: LocRes '../../../Engine/Content/Localization/Engine/ru/Engine.locres' could not be opened for reading!
[2020.10.19-21.55.34:689][  0]LogInit: Setting process to per monitor DPI aware
[2020.10.19-21.55.34:711][  0]LogSlate: New Slate User Created.  User Index 0, Is Virtual User: 0
[2020.10.19-21.55.34:711][  0]LogSlate: Slate User Registered.  User Index 0, Is Virtual User: 0
[2020.10.19-21.55.34:797][  0]LogHMD: Failed to initialize OpenVR with code 110
[2020.10.19-21.55.34:797][  0]LogD3D11RHI: D3D11 min allowed feature level: 11_0
[2020.10.19-21.55.34:797][  0]LogD3D11RHI: D3D11 max allowed feature level: 11_0
[2020.10.19-21.55.34:797][  0]LogD3D11RHI: D3D11 adapters:
[2020.10.19-21.55.34:856][  0]LogD3D11RHI:    0. 'NVIDIA GeForce RTX 2070 SUPER' (Feature Level 11_0)
[2020.10.19-21.55.34:856][  0]LogD3D11RHI:       8011/0/16358 MB DedicatedVideo/DedicatedSystem/SharedSystem, Outputs:1, VendorId:0x10de
[2020.10.19-21.55.34:858][  0]LogD3D11RHI:    1. 'Microsoft Basic Render Driver' (Feature Level 11_0)
[2020.10.19-21.55.34:858][  0]LogD3D11RHI:       0/0/16358 MB DedicatedVideo/DedicatedSystem/SharedSystem, Outputs:0, VendorId:0x1414
[2020.10.19-21.55.34:858][  0]LogD3D11RHI: Chosen D3D11 Adapter: 0
[2020.10.19-21.55.34:866][  0]LogD3D11RHI: Creating new Direct3DDevice
[2020.10.19-21.55.34:866][  0]LogD3D11RHI:     GPU DeviceId: 0x1e84 (for the marketing name, search the web for "GPU Device Id")
[2020.10.19-21.55.34:866][  0]LogWindows: EnumDisplayDevices:
[2020.10.19-21.55.34:866][  0]LogWindows:    0. 'NVIDIA GeForce RTX 2070 SUPER' (P:1 D:1)
[2020.10.19-21.55.34:866][  0]LogWindows:    1. 'NVIDIA GeForce RTX 2070 SUPER' (P:0 D:0)
[2020.10.19-21.55.34:866][  0]LogWindows:    2. 'NVIDIA GeForce RTX 2070 SUPER' (P:0 D:0)
[2020.10.19-21.55.34:866][  0]LogWindows:    3. 'NVIDIA GeForce RTX 2070 SUPER' (P:0 D:0)
[2020.10.19-21.55.34:866][  0]LogWindows: DebugString: FoundDriverCount:4 
[2020.10.19-21.55.34:866][  0]LogD3D11RHI:     Adapter Name: NVIDIA GeForce RTX 2070 SUPER
[2020.10.19-21.55.34:866][  0]LogD3D11RHI:   Driver Version: 451.67 (internal:27.21.14.5167, unified:451.67)
[2020.10.19-21.55.34:866][  0]LogD3D11RHI:      Driver Date: 7-5-2020
[2020.10.19-21.55.34:866][  0]LogRHI: Texture pool is 5607 MB (70% of 8011 MB)
[2020.10.19-21.55.34:910][  0]LogD3D11RHI: RHI has support for 64 bit atomics
[2020.10.19-21.55.34:911][  0]LogD3D11RHI: [Aftermath] Enabled and primed
[2020.10.19-21.55.34:911][  0]LogD3D11RHI: Async texture creation enabled
[2020.10.19-21.55.34:911][  0]LogD3D11RHI: Array index from any shader is supported
[2020.10.19-21.55.34:936][  0]LogD3D11RHI: GPU Timing Frequency: 1000.000000 (Debug: 2 1)
[2020.10.19-21.55.35:142][  0]LogTargetPlatformManager: Display: Loaded TargetPlatform 'AllDesktop'
[2020.10.19-21.55.35:162][  0]LogTargetPlatformManager: Display: Loaded TargetPlatform 'Android'
[2020.10.19-21.55.35:162][  0]LogTargetPlatformManager: Display: Loaded TargetPlatform 'Android_ASTC'
[2020.10.19-21.55.35:162][  0]LogTargetPlatformManager: Display: Loaded TargetPlatform 'Android_DXT'
[2020.10.19-21.55.35:162][  0]LogTargetPlatformManager: Display: Loaded TargetPlatform 'Android_ETC2'
[2020.10.19-21.55.35:162][  0]LogTargetPlatformManager: Display: Loaded TargetPlatform 'AndroidClient'
[2020.10.19-21.55.35:162][  0]LogTargetPlatformManager: Display: Loaded TargetPlatform 'Android_ASTCClient'
[2020.10.19-21.55.35:162][  0]LogTargetPlatformManager: Display: Loaded TargetPlatform 'Android_DXTClient'
[2020.10.19-21.55.35:162][  0]LogTargetPlatformManager: Display: Loaded TargetPlatform 'Android_ETC2Client'
[2020.10.19-21.55.35:162][  0]LogTargetPlatformManager: Display: Loaded TargetPlatform 'Android_Multi'
[2020.10.19-21.55.35:162][  0]LogTargetPlatformManager: Display: Loaded TargetPlatform 'Android_MultiClient'
[2020.10.19-21.55.35:184][  0]LogTargetPlatformManager: Display: Loaded TargetPlatform 'IOSClient'
[2020.10.19-21.55.35:184][  0]LogTargetPlatformManager: Display: Loaded TargetPlatform 'IOS'
[2020.10.19-21.55.35:193][  0]LogTargetPlatformManager: Display: Loaded TargetPlatform 'Linux'
[2020.10.19-21.55.35:202][  0]LogTargetPlatformManager: Display: Loaded TargetPlatform 'LinuxNoEditor'
[2020.10.19-21.55.35:210][  0]LogTargetPlatformManager: Display: Loaded TargetPlatform 'LinuxClient'
[2020.10.19-21.55.35:218][  0]LogTargetPlatformManager: Display: Loaded TargetPlatform 'LinuxServer'
[2020.10.19-21.55.35:227][  0]LogTargetPlatformManager: Display: Loaded TargetPlatform 'LinuxAArch64NoEditor'
[2020.10.19-21.55.35:235][  0]LogTargetPlatformManager: Display: Loaded TargetPlatform 'LinuxAArch64Client'
[2020.10.19-21.55.35:244][  0]LogTargetPlatformManager: Display: Loaded TargetPlatform 'LinuxAArch64Server'
[2020.10.19-21.55.35:267][  0]LogTargetPlatformManager: Display: Loaded TargetPlatform 'Lumin'
[2020.10.19-21.55.35:267][  0]LogTargetPlatformManager: Display: Loaded TargetPlatform 'LuminClient'
[2020.10.19-21.55.35:281][  0]LogTargetPlatformManager: Display: Loaded TargetPlatform 'TVOSClient'
[2020.10.19-21.55.35:281][  0]LogTargetPlatformManager: Display: Loaded TargetPlatform 'TVOS'
[2020.10.19-21.55.35:289][  0]LogTargetPlatformManager: Display: Loaded TargetPlatform 'WindowsNoEditor'
[2020.10.19-21.55.35:299][  0]LogTargetPlatformManager: Display: Loaded TargetPlatform 'Windows'
[2020.10.19-21.55.35:307][  0]LogTargetPlatformManager: Display: Loaded TargetPlatform 'WindowsClient'
[2020.10.19-21.55.35:316][  0]LogTargetPlatformManager: Display: Loaded TargetPlatform 'WindowsServer'
[2020.10.19-21.55.35:316][  0]LogTargetPlatformManager: Display: Building Assets For Windows
[2020.10.19-21.55.35:322][  0]LogAudioDebug: Display: Lib vorbis DLL was dynamically loaded.
[2020.10.19-21.55.35:372][  0]LogShaderCompilers: Guid format shader working directory is -19 characters bigger than the processId version (C:/Users/maxto/Documents/Unreal Projects/KursWork/PrimitiveWorld/Intermediate/Shaders/WorkingDirectory/12772/).
[2020.10.19-21.55.35:372][  0]LogShaderCompilers: Cleaned the shader compiler working directory 'C:/Users/maxto/AppData/Local/Temp/UnrealShaderWorkingDir/74AD60094AFB26EABD3D939FE1702F9B/'.
[2020.10.19-21.55.35:372][  0]LogXGEController: Cannot use XGE Controller as Incredibuild is not installed on this machine.
[2020.10.19-21.55.35:372][  0]LogShaderCompilers: Cannot use XGE Shader Compiler as Incredibuild is not installed on this machine.
[2020.10.19-21.55.35:372][  0]LogShaderCompilers: Display: Using Local Shader Compiler.
[2020.10.19-21.55.36:028][  0]LogDerivedDataCache: Display: Max Cache Size: 512 MB
[2020.10.19-21.55.36:061][  0]LogDerivedDataCache: Loaded boot cache 0.03s 76MB C:/Users/maxto/AppData/Local/UnrealEngine/4.25/DerivedDataCache/Boot.ddc.
[2020.10.19-21.55.36:061][  0]LogDerivedDataCache: Display: Loaded Boot cache: C:/Users/maxto/AppData/Local/UnrealEngine/4.25/DerivedDataCache/Boot.ddc
[2020.10.19-21.55.36:061][  0]LogDerivedDataCache: FDerivedDataBackendGraph:  Pak pak cache file C:/Users/maxto/Documents/Unreal Projects/KursWork/PrimitiveWorld/DerivedDataCache/DDC.ddp not found, will not use a pak cache.
[2020.10.19-21.55.36:061][  0]LogDerivedDataCache: Unable to find inner node Pak for hierarchical cache Hierarchy.
[2020.10.19-21.55.36:061][  0]LogDerivedDataCache: FDerivedDataBackendGraph:  CompressedPak pak cache file C:/Users/maxto/Documents/Unreal Projects/KursWork/PrimitiveWorld/DerivedDataCache/Compressed.ddp not found, will not use a pak cache.
[2020.10.19-21.55.36:061][  0]LogDerivedDataCache: Unable to find inner node CompressedPak for hierarchical cache Hierarchy.
[2020.10.19-21.55.36:071][  0]LogDerivedDataCache: Display: Pak cache opened for reading ../../../Engine/DerivedDataCache/Compressed.ddp.
[2020.10.19-21.55.36:071][  0]LogDerivedDataCache: FDerivedDataBackendGraph:  EnterprisePak pak cache file ../../../Enterprise/DerivedDataCache/Compressed.ddp not found, will not use a pak cache.
[2020.10.19-21.55.36:071][  0]LogDerivedDataCache: Unable to find inner node EnterprisePak for hierarchical cache Hierarchy.
[2020.10.19-21.55.36:072][  0]LogDerivedDataCache: Using Local data cache path C:/Users/maxto/AppData/Local/UnrealEngine/Common/DerivedDataCache: Writable
[2020.10.19-21.55.36:072][  0]LogDerivedDataCache: Shared data cache path not found in *engine.ini, will not use an Shared cache.
[2020.10.19-21.55.36:072][  0]LogDerivedDataCache: Unable to find inner node Shared for hierarchical cache Hierarchy.
[2020.10.19-21.55.36:114][  0]LogSlate: Using FreeType 2.10.0
[2020.10.19-21.55.36:115][  0]LogSlate: SlateFontServices - WITH_FREETYPE: 1, WITH_HARFBUZZ: 1
[2020.10.19-21.55.36:135][  0]LogAssetRegistry: FAssetRegistry took 0.0024 seconds to start up
[2020.10.19-21.55.36:338][  0]LogInit: Selected Device Profile: [Windows]
[2020.10.19-21.55.36:432][  0]LogMeshReduction: Using QuadricMeshReduction for automatic static mesh reduction
[2020.10.19-21.55.36:432][  0]LogMeshReduction: Using SimplygonMeshReduction for automatic skeletal mesh reduction
[2020.10.19-21.55.36:432][  0]LogMeshReduction: Using ProxyLODMeshReduction for automatic mesh merging
[2020.10.19-21.55.36:432][  0]LogMeshReduction: No distributed automatic mesh merging module available
[2020.10.19-21.55.36:432][  0]LogMeshMerging: No distributed automatic mesh merging module available
[2020.10.19-21.55.36:444][  0]LogNetVersion: PlayerBuildSystem 1.0.0, NetCL: 13144385, EngineNetVer: 14, GameNetVer: 0 (Checksum: 72910362)
[2020.10.19-21.55.36:753][  0]LogAISub: UAISubsystem::UAISubsystem AISubsystem (0000022C6EA45980), frame # 0
[2020.10.19-21.55.36:753][  0]LogAISub: UAISubsystem::UAISubsystem AIPerceptionSystem (0000022C6E986AC0), frame # 0
[2020.10.19-21.55.36:755][  0]LogAISub: UAISubsystem::UAISubsystem EnvQueryManager (0000022C6E9D5E00), frame # 0
[2020.10.19-21.55.36:793][  0]LogPackageLocalizationCache: Processed 19 localized package path(s) for 1 prioritized culture(s) in 0.032657 seconds
[2020.10.19-21.55.36:798][  0]LogUObjectArray: 15917 objects as part of root set at end of initial load.
[2020.10.19-21.55.36:798][  0]LogUObjectAllocator: 3965568 out of 0 bytes used by permanent object pool.
[2020.10.19-21.55.36:798][  0]LogUObjectArray: CloseDisregardForGC: 0/0 objects in disregard for GC pool
[2020.10.19-21.55.37:073][  0]LogTcpMessaging: Initializing TcpMessaging bridge
[2020.10.19-21.55.37:077][  0]LogUdpMessaging: Initializing bridge on interface 0.0.0.0:0 to multicast group 230.0.0.1:6666.
[2020.10.19-21.55.37:286][  0]SourceControl: Source control is disabled
[2020.10.19-21.55.37:286][  0]SourceControl: Source control is disabled
[2020.10.19-21.55.37:290][  0]SourceControl: Source control is disabled
[2020.10.19-21.55.37:292][  0]SourceControl: Source control is disabled
[2020.10.19-21.55.37:422][  0]SourceControl: Source control is disabled
[2020.10.19-21.55.37:627][  0]LogAndroidPermission: UAndroidPermissionCallbackProxy::GetInstance
[2020.10.19-21.55.37:644][  0]LogAudioCaptureCore: Display: No Audio Capture implementations found. Audio input will be silent.
[2020.10.19-21.55.37:644][  0]LogAudioCaptureCore: Display: No Audio Capture implementations found. Audio input will be silent.
[2020.10.19-21.55.37:683][  0]LogOcInput: OculusInput pre-init called
[2020.10.19-21.55.37:692][  0]LogWindows: Failed to load 'OVRPlugin.dll' (GetLastError=126)
[2020.10.19-21.55.37:692][  0]LogWindows: File 'OVRPlugin.dll' does not exist
[2020.10.19-21.55.37:749][  0]LogEngine: Initializing Engine...
[2020.10.19-21.55.37:749][  0]LogHMD: Failed to initialize OpenVR with code 110
[2020.10.19-21.55.37:749][  0]LogMagicLeap: Warning: VR disabled because ZI is not enabled.  To enable, in the editor, Edit -> Project Settings -> Plugins -> Magic Leap Plugin -> Enable Zero Iteration
[2020.10.19-21.55.37:750][  0]LogStats: UGameplayTagsManager::InitializeManager -  0.000 s
[2020.10.19-21.55.37:832][  0]LogInit: Initializing FReadOnlyCVARCache
[2020.10.19-21.55.37:838][  0]LogAIModule: Creating AISystem for world Untitled
[2020.10.19-21.55.37:838][  0]LogAISub: UAISubsystem::UAISubsystem EnvQueryManager (0000022C75D1DA00), frame # 0
[2020.10.19-21.55.37:839][  0]LogAISub: UAISubsystem::UAISubsystem AIPerceptionSystem (0000022C75D42980), frame # 0
[2020.10.19-21.55.37:847][  0]LogAudioMixer: Display: Audio Mixer Platform Settings:
[2020.10.19-21.55.37:847][  0]LogAudioMixer: Display: 	Sample Rate:						  48000
[2020.10.19-21.55.37:847][  0]LogAudioMixer: Display: 	Callback Buffer Frame Size Requested: 1024
[2020.10.19-21.55.37:847][  0]LogAudioMixer: Display: 	Callback Buffer Frame Size To Use:	  1024
[2020.10.19-21.55.37:847][  0]LogAudioMixer: Display: 	Number of buffers to queue:			  2
[2020.10.19-21.55.37:847][  0]LogAudioMixer: Display: 	Max Channels (voices):				  32
[2020.10.19-21.55.37:847][  0]LogAudioMixer: Display: 	Number of Async Source Workers:		  0
[2020.10.19-21.55.37:847][  0]LogAudio: Display: AudioDevice MaxSources: 32
[2020.10.19-21.55.37:847][  0]LogAudio: Display: Using built-in audio occlusion.
[2020.10.19-21.55.37:847][  0]LogAudioMixer: Display: Initializing audio mixer.
[2020.10.19-21.55.37:856][  0]LogAudioMixer: Display: 0: FrontLeft
[2020.10.19-21.55.37:856][  0]LogAudioMixer: Display: 1: FrontRight
[2020.10.19-21.55.37:880][  0]LogAudioMixer: Display: Using Audio Device PL2474H (2- NVIDIA High Definition Audio)
[2020.10.19-21.55.37:881][  0]LogAudioMixer: Display: Initializing Sound Submixes...
[2020.10.19-21.55.37:882][  0]LogAudioMixer: Display: Creating Master Submix 'MasterSubmixDefault'
[2020.10.19-21.55.37:882][  0]LogAudioMixer: Display: Creating Master Submix 'MasterReverbSubmixDefault'
[2020.10.19-21.55.37:883][  0]LogAudioMixer: Display: Creating Master Submix 'MasterEQSubmixDefault'
[2020.10.19-21.55.37:884][  0]LogInit: FAudioDevice initialized.
[2020.10.19-21.55.37:884][  0]LogNetVersion: Set ProjectVersion to 1.0.0.0. Version Checksum will be recalculated on next use.
[2020.10.19-21.55.37:954][  0]LogDerivedDataCache: Saved boot cache 0.07s 76MB C:/Users/maxto/AppData/Local/UnrealEngine/4.25/DerivedDataCache/Boot.ddc.
[2020.10.19-21.55.37:959][  0]LogInit: Texture streaming: Enabled
[2020.10.19-21.55.37:972][  0]LogEngineSessionManager: EngineSessionManager initialized
[2020.10.19-21.55.37:972][  0]LogEditorSessionSummary: Verbose: Initializing EditorSessionSummaryWriter for editor session tracking
[2020.10.19-21.55.37:974][  0]LogEditorSessionSummary: EditorSessionSummaryWriter initialized
[2020.10.19-21.55.38:022][  0]LogInit: Transaction tracking system initialized
[2020.10.19-21.55.38:041][  0]BlueprintLog: New page: Editor Load
[2020.10.19-21.55.38:101][  0]LocalizationService: Localization service is disabled
[2020.10.19-21.55.38:216][  0]LogCook: Display: Max memory allowance for cook 16384mb min free memory 0mb
[2020.10.19-21.55.38:216][  0]LogCook: Display: Mobile HDR setting 1
[2020.10.19-21.55.38:330][  0]LogFileCache: Scanning file cache for directory 'C:/Users/maxto/Documents/Unreal Projects/KursWork/PrimitiveWorld/Content/' took 0.01s
[2020.10.19-21.55.38:466][  0]SourceControl: Source control is disabled
[2020.10.19-21.55.38:466][  0]LogUnrealEdMisc: Loading editor; pre map load, took 4.724
[2020.10.19-21.55.38:466][  0]Cmd: MAP LOAD FILE="C:/Users/maxto/Documents/Unreal Projects/KursWork/PrimitiveWorld/Content/PlayerBuildingSystem/Maps/Showcase.umap" TEMPLATE=0 SHOWPROGRESS=1 FEATURELEVEL=3
[2020.10.19-21.55.38:466][  0]LightingResults: New page: Lighting Build
[2020.10.19-21.55.38:467][  0]LogWorld: UWorld::CleanupWorld for Untitled, bSessionEnded=true, bCleanupResources=true
[2020.10.19-21.55.38:467][  0]LogSlate: InvalidateAllWidgets triggered.  All widgets were invalidated
[2020.10.19-21.55.38:467][  0]MapCheck: New page: Map Check
[2020.10.19-21.55.38:467][  0]LightingResults: New page: Lighting Build
[2020.10.19-21.55.38:488][  0]LogAISub: UAISubsystem::~UAISubsystem EnvQueryManager (0000022C75D1DA00), frame # 0
[2020.10.19-21.55.38:488][  0]LogAISub: UAISubsystem::~UAISubsystem AIPerceptionSystem (0000022C75D42980), frame # 0
[2020.10.19-21.55.38:489][  0]LogUObjectHash: Compacting FUObjectHashTables data took   0.69ms
[2020.10.19-21.55.42:702][  0]LogAIModule: Creating AISystem for world Showcase
[2020.10.19-21.55.42:702][  0]LogAISub: UAISubsystem::UAISubsystem EnvQueryManager (0000022C08433E00), frame # 0
[2020.10.19-21.55.42:702][  0]LogAISub: UAISubsystem::UAISubsystem AIPerceptionSystem (0000022C7DB47240), frame # 0
[2020.10.19-21.55.42:721][  0]LogEditorServer: Finished looking for orphan Actors (0.000 secs)
[2020.10.19-21.55.42:757][  0]LogUObjectHash: Compacting FUObjectHashTables data took   1.98ms
[2020.10.19-21.55.42:758][  0]Cmd: MAP CHECKDEP NOCLEARLOG
[2020.10.19-21.55.42:758][  0]MapCheck: Map check complete: 0 Error(s), 0 Warning(s), took 0,151ms to complete.
[2020.10.19-21.55.42:758][  0]LogFileHelpers: Loading map 'Showcase' took 4.291
[2020.10.19-21.55.42:759][  0]LogUnrealEdMisc: Total Editor Startup Time, took 9.017
[2020.10.19-21.55.43:160][  0]LogSlate: Updating window title bar state: overlay mode, drag disabled, window buttons hidden, title bar hidden
[2020.10.19-21.55.43:165][  0]LogSlate: Updating window title bar state: overlay mode, drag disabled, window buttons hidden, title bar hidden
[2020.10.19-21.55.43:170][  0]LogSlate: Updating window title bar state: overlay mode, drag disabled, window buttons hidden, title bar hidden
[2020.10.19-21.55.43:176][  0]LogSlate: Updating window title bar state: overlay mode, drag disabled, window buttons hidden, title bar hidden
[2020.10.19-21.55.43:181][  0]LogCollectionManager: Loaded 0 collections in 0.000721 seconds
[2020.10.19-21.55.43:193][  0]LogFileCache: Scanning file cache for directory 'C:/Users/maxto/Documents/Unreal Projects/KursWork/PrimitiveWorld/Saved/Collections/' took 0.00s
[2020.10.19-21.55.43:193][  0]LogFileCache: Scanning file cache for directory 'C:/Users/maxto/Documents/Unreal Projects/KursWork/PrimitiveWorld/Content/Developers/maxto/Collections/' took 0.00s
[2020.10.19-21.55.43:193][  0]LogFileCache: Scanning file cache for directory 'C:/Users/maxto/Documents/Unreal Projects/KursWork/PrimitiveWorld/Content/Collections/' took 0.00s
[2020.10.19-21.55.43:193][  0]LogContentBrowser: Native class hierarchy populated in 0.0081 seconds. Added 3436 classes and 826 folders.
[2020.10.19-21.55.43:195][  0]LogContentBrowser: Native class hierarchy updated for 'WidgetCarousel' in 0.0002 seconds. Added 0 classes and 0 folders.
[2020.10.19-21.55.43:226][  0]LogContentBrowser: Native class hierarchy updated for 'AddContentDialog' in 0.0002 seconds. Added 0 classes and 0 folders.
[2020.10.19-21.55.43:320][  0]LogSlate: Took 0.000106 seconds to synchronously load lazily loaded font '../../../Engine/Content/Slate/Fonts/Roboto-Regular.ttf' (155K)
[2020.10.19-21.55.43:324][  0]LogSlate: Took 0.000125 seconds to synchronously load lazily loaded font '../../../Engine/Content/Slate/Fonts/Roboto-Bold.ttf' (160K)
[2020.10.19-21.55.43:325][  0]LogSlate: Took 0.000077 seconds to synchronously load lazily loaded font '../../../Engine/Content/Editor/Slate/Fonts/FontAwesome.ttf' (139K)
[2020.10.19-21.55.43:374][  0]LogRenderer: Reallocating scene render targets to support 1000x572 Format 10 NumSamples 1 (Frame:1).
[2020.10.19-21.55.43:409][  0]LogSlate: Took 0.000082 seconds to synchronously load lazily loaded font '../../../Engine/Content/Slate/Fonts/Roboto-Light.ttf' (167K)
[2020.10.19-21.55.43:455][  0]LogContentBrowser: Native class hierarchy updated for 'HierarchicalLODOutliner' in 0.0003 seconds. Added 0 classes and 0 folders.
[2020.10.19-21.55.43:455][  0]LogLoad: (Engine Initialization) Total time: 9.71 seconds
[2020.10.19-21.55.43:455][  0]LogLoad: (Engine Initialization) Total Blueprint compile time: 0.00 seconds
[2020.10.19-21.55.43:584][  0]LogAssetRegistry: Asset discovery search completed in 7.4497 seconds
[2020.10.19-21.55.43:587][  0]LogCollectionManager: Fixed up redirectors for 0 collections in 0.000002 seconds (updated 0 objects)
[2020.10.19-21.55.43:588][  0]LogContentStreaming: Texture pool size now 1000 MB
[2020.10.19-21.55.44:487][ 91]LogSlate: Took 0.000192 seconds to synchronously load lazily loaded font '../../../Engine/Content/Slate/Fonts/Roboto-Light.ttf' (167K)
[2020.10.19-21.55.46:802][315]LogUObjectHash: Compacting FUObjectHashTables data took   0.84ms
[2020.10.19-21.55.50:827][315]LogSlate: Window 'Delete Assets' being destroyed
[2020.10.19-21.55.58:757][251]LogEditorViewport: Clicking on Actor (LMB): FoodResource_C (FoodResource2)
[2020.10.19-21.55.58:832][257]LogEditorViewport: Clicking on Component (LMB): SkeletalMeshComponent (SkeletalMesh)
[2020.10.19-21.56.01:199][533]LogSlate: Took 0.000113 seconds to synchronously load lazily loaded font '../../../Engine/Content/Slate/Fonts/Roboto-Italic.ttf' (157K)
[2020.10.19-21.56.11:191][693]LogAssetEditorSubsystem: Opening Asset editor for Blueprint /Game/PlayerBuildingSystem/Blueprints/FoodResource.FoodResource
[2020.10.19-21.56.11:310][693]LogContentBrowser: Native class hierarchy updated for 'BlueprintGraph' in 0.0005 seconds. Added 125 classes and 0 folders.
[2020.10.19-21.56.16:216][186]LogWorld: UWorld::CleanupWorld for World_2, bSessionEnded=true, bCleanupResources=true
[2020.10.19-21.56.16:216][186]LogSlate: InvalidateAllWidgets triggered.  All widgets were invalidated
[2020.10.19-21.56.16:272][186]LogAssetEditorSubsystem: Opening Asset editor for Blueprint /Game/PlayerBuildingSystem/Blueprints/FoodResource.FoodResource
[2020.10.19-21.56.16:580][186]LogSlate: Took 0.000114 seconds to synchronously load lazily loaded font '../../../Engine/Content/Slate/Fonts/Roboto-BoldCondensed.ttf' (158K)
[2020.10.19-21.56.20:942][671]LogAssetEditorSubsystem: Opening Asset editor for Blueprint /Game/PlayerBuildingSystem/Blueprints/MasterResource.MasterResource
[2020.10.19-21.56.32:561][990]LogMaterial: Display: Missing cached shader map for material Material_0, compiling. 
[2020.10.19-21.56.32:624][991]LogShaderCompilers: Display: Worker (1/9): shaders left to compile 34
[2020.10.19-21.56.32:624][991]LogShaderCompilers: Display: Worker (2/9): shaders left to compile 29
[2020.10.19-21.56.32:624][991]LogShaderCompilers: Display: Worker (3/9): shaders left to compile 24
[2020.10.19-21.56.32:624][991]LogShaderCompilers: Display: Worker (4/9): shaders left to compile 19
[2020.10.19-21.56.32:624][991]LogShaderCompilers: Display: Worker (5/9): shaders left to compile 14
[2020.10.19-21.56.32:624][991]LogShaderCompilers: Display: Worker (6/9): shaders left to compile 9
[2020.10.19-21.56.32:624][991]LogShaderCompilers: Display: Worker (7/9): shaders left to compile 4
[2020.10.19-21.56.32:625][991]LogMaterial: Display: Missing cached shader map for material Material_1, compiling. 
[2020.10.19-21.56.32:652][992]LogMaterial: Display: Missing cached shader map for material Material_2, compiling. 
[2020.10.19-21.56.32:690][994]LogShaderCompilers: Display: Worker (8/9): shaders left to compile 68
[2020.10.19-21.56.33:826][ 82]LogShaderCompilers: Display: Worker (2/9): shaders left to compile 59
[2020.10.19-21.56.33:893][ 84]LogShaderCompilers: Display: Worker (7/9): shaders left to compile 51
[2020.10.19-21.56.33:926][ 84]LogShaderCompilers: Display: Worker (6/9): shaders left to compile 44
[2020.10.19-21.56.34:126][ 89]LogShaderCompilers: Display: Worker (1/9): shaders left to compile 38
[2020.10.19-21.56.34:128][ 89]LogShaderCompilers: Display: Worker (4/9): shaders left to compile 33
[2020.10.19-21.56.34:261][ 98]LogShaderCompilers: Display: Worker (5/9): shaders left to compile 28
[2020.10.19-21.56.34:382][109]LogShaderCompilers: Display: Worker (3/9): shaders left to compile 24
[2020.10.19-21.56.34:864][151]LogShaderCompilers: Display: Worker (8/9): shaders left to compile 20
[2020.10.19-21.56.35:052][169]LogShaderCompilers: Display: Worker (5/9): shaders left to compile 17
[2020.10.19-21.56.35:136][176]LogShaderCompilers: Display: Worker (4/9): shaders left to compile 14
[2020.10.19-21.56.35:212][183]LogShaderCompilers: Display: Worker (6/9): shaders left to compile 12
[2020.10.19-21.56.35:458][206]LogShaderCompilers: Display: Worker (3/9): shaders left to compile 10
[2020.10.19-21.56.35:553][214]LogShaderCompilers: Display: Worker (1/9): shaders left to compile 8
[2020.10.19-21.56.35:631][222]LogShaderCompilers: Display: Worker (7/9): shaders left to compile 6
[2020.10.19-21.56.35:705][230]LogShaderCompilers: Display: Worker (5/9): shaders left to compile 5
[2020.10.19-21.56.35:715][231]LogShaderCompilers: Display: Worker (4/9): shaders left to compile 4
[2020.10.19-21.56.35:822][241]LogShaderCompilers: Display: Worker (6/9): shaders left to compile 3
[2020.10.19-21.56.35:822][241]LogShaderCompilers: Display: Worker (3/9): shaders left to compile 2
[2020.10.19-21.56.35:936][252]LogShaderCompilers: Display: Worker (7/9): shaders left to compile 1
[2020.10.19-21.56.37:974][490]LogAssetEditorSubsystem: Opening Asset editor for UserDefinedStruct /Game/PlayerBuildingSystem/Blueprints/BuildingBlueprints/Other/S_BuildingCost.S_BuildingCost
[2020.10.19-21.56.39:789][688]LogSlate: Window 'S_BuildingCost' being destroyed
[2020.10.19-21.56.52:926][246]LogEditorViewport: Clicking on Actor (LMB): TreeResource_C (TreeResource3)
[2020.10.19-21.56.57:107][743]LogEditorViewport: Clicking on Actor (LMB): Landscape (Landscape)
[2020.10.19-21.56.57:707][812]LogEditorViewport: Clicking on Actor (LMB): RockResource_C (RockResource)
[2020.10.19-21.57.06:827][885]LogSlate: Took 0.000123 seconds to synchronously load lazily loaded font '../../../Engine/Content/Slate/Fonts/Roboto-BoldCondensedItalic.ttf' (160K)
[2020.10.19-21.57.11:756][461]LogSavePackage: Moving 'C:/Users/maxto/Documents/Unreal Projects/KursWork/PrimitiveWorld/Saved/S_BuildingCostCF00334A44B7B0FBCF5D59AD3EA072C4.tmp' to 'C:/Users/maxto/Documents/Unreal Projects/KursWork/PrimitiveWorld/Content/PlayerBuildingSystem/Blueprints/BuildingBlueprints/Other/S_BuildingCost.uasset'
[2020.10.19-21.57.11:769][461]AssetCheck: New page: Asset Save: S_BuildingCost
[2020.10.19-21.57.11:769][461]LogContentValidation: Display: Validating UserDefinedStruct /Game/PlayerBuildingSystem/Blueprints/BuildingBlueprints/Other/S_BuildingCost.S_BuildingCost
[2020.10.19-21.57.17:051][ 66]LogWorld: UWorld::CleanupWorld for World_3, bSessionEnded=true, bCleanupResources=true
[2020.10.19-21.57.17:051][ 66]LogSlate: InvalidateAllWidgets triggered.  All widgets were invalidated
[2020.10.19-21.57.21:658][599]LogAssetEditorSubsystem: Opening Asset editor for Blueprint /Game/PlayerBuildingSystem/Blueprints/FoodResource.FoodResource
[2020.10.19-21.57.24:005][837]LogWorld: UWorld::CleanupWorld for World_10, bSessionEnded=true, bCleanupResources=true
[2020.10.19-21.57.24:005][837]LogSlate: InvalidateAllWidgets triggered.  All widgets were invalidated
[2020.10.19-21.57.28:969][392]LogUObjectGlobals: Reloading 1 Package(s):
	Asset Name: /Game/PlayerBuildingSystem/Blueprints/FoodResource
[2020.10.19-21.57.29:014][392]LogUObjectHash: Compacting FUObjectHashTables data took   2.84ms
[2020.10.19-21.57.30:570][392]LogWindows: Error: === Critical error: ===
[2020.10.19-21.57.30:570][392]LogWindows: Error: 
[2020.10.19-21.57.30:570][392]LogWindows: Error: Fatal error!
[2020.10.19-21.57.30:570][392]LogWindows: Error: 
[2020.10.19-21.57.30:570][392]LogWindows: Error: Unhandled Exception: EXCEPTION_ACCESS_VIOLATION 0x00000000
[2020.10.19-21.57.30:570][392]LogWindows: Error: 
[2020.10.19-21.57.30:570][392]LogWindows: Error: [Callstack] 0x0000000000000000 UnknownFunction []
[2020.10.19-21.57.30:570][392]LogWindows: Error: [Callstack] 0x00007ff98717bae0 UE4Editor-CoreUObject.dll!UnknownFunction []
[2020.10.19-21.57.30:570][392]LogWindows: Error: [Callstack] 0x00007ff987082680 UE4Editor-CoreUObject.dll!UnknownFunction []
[2020.10.19-21.57.30:570][392]LogWindows: Error: [Callstack] 0x00007ff965f2865b UE4Editor-Engine.dll!UnknownFunction []
[2020.10.19-21.57.30:570][392]LogWindows: Error: [Callstack] 0x00007ff9871532fd UE4Editor-CoreUObject.dll!UnknownFunction []
[2020.10.19-21.57.30:570][392]LogWindows: Error: [Callstack] 0x00007ff965f3817a UE4Editor-Engine.dll!UnknownFunction []
[2020.10.19-21.57.30:570][392]LogWindows: Error: [Callstack] 0x00007ff9871b3396 UE4Editor-CoreUObject.dll!UnknownFunction []
[2020.10.19-21.57.30:570][392]LogWindows: Error: [Callstack] 0x00007ff9871815f7 UE4Editor-CoreUObject.dll!UnknownFunction []
[2020.10.19-21.57.30:570][392]LogWindows: Error: [Callstack] 0x00007ff987181aeb UE4Editor-CoreUObject.dll!UnknownFunction []
[2020.10.19-21.57.30:570][392]LogWindows: Error: [Callstack] 0x00007ff9871a98d0 UE4Editor-CoreUObject.dll!UnknownFunction []
[2020.10.19-21.57.30:570][392]LogWindows: Error: [Callstack] 0x00007ff9872ed372 UE4Editor-CoreUObject.dll!UnknownFunction []
[2020.10.19-21.57.30:570][392]LogWindows: Error: [Callstack] 0x00007ff9872ec440 UE4Editor-CoreUObject.dll!UnknownFunction []
[2020.10.19-21.57.30:570][392]LogWindows: Error: [Callstack] 0x00007ff987224e1a UE4Editor-CoreUObject.dll!UnknownFunction []
[2020.10.19-21.57.30:570][392]LogWindows: Error: [Callstack] 0x00007ff98722dd67 UE4Editor-CoreUObject.dll!UnknownFunction []
[2020.10.19-21.57.30:570][392]LogWindows: Error: [Callstack] 0x00007ff964b02f67 UE4Editor-UnrealEd.dll!UnknownFunction []
[2020.10.19-21.57.30:570][392]LogWindows: Error: [Callstack] 0x00007ff964b01d25 UE4Editor-UnrealEd.dll!UnknownFunction []
[2020.10.19-21.57.30:570][392]LogWindows: Error: [Callstack] 0x00007ff95e5e188e UE4Editor-ContentBrowser.dll!UnknownFunction []
[2020.10.19-21.57.30:570][392]LogWindows: Error: [Callstack] 0x00007ff95e5de115 UE4Editor-ContentBrowser.dll!UnknownFunction []
[2020.10.19-21.57.30:570][392]LogWindows: Error: [Callstack] 0x00007ff9894bab85 UE4Editor-Slate.dll!UnknownFunction []
[2020.10.19-21.57.30:570][392]LogWindows: Error: [Callstack] 0x00007ff9894c1320 UE4Editor-Slate.dll!UnknownFunction []
[2020.10.19-21.57.30:570][392]LogWindows: Error: [Callstack] 0x00007ff98949a937 UE4Editor-Slate.dll!UnknownFunction []
[2020.10.19-21.57.30:570][392]LogWindows: Error: [Callstack] 0x00007ff98953207e UE4Editor-Slate.dll!UnknownFunction []
[2020.10.19-21.57.30:570][392]LogWindows: Error: [Callstack] 0x00007ff98954b27e UE4Editor-Slate.dll!UnknownFunction []
[2020.10.19-21.57.30:570][392]LogWindows: Error: [Callstack] 0x00007ff9894c2a95 UE4Editor-Slate.dll!UnknownFunction []
[2020.10.19-21.57.30:570][392]LogWindows: Error: [Callstack] 0x00007ff989392dc8 UE4Editor-Slate.dll!UnknownFunction []
[2020.10.19-21.57.30:570][392]LogWindows: Error: [Callstack] 0x00007ff9894169cf UE4Editor-Slate.dll!UnknownFunction []
[2020.10.19-21.57.30:570][392]LogWindows: Error: [Callstack] 0x00007ff9893ff4b2 UE4Editor-Slate.dll!UnknownFunction []
[2020.10.19-21.57.30:570][392]LogWindows: Error: [Callstack] 0x00007ff9893f2392 UE4Editor-Slate.dll!UnknownFunction []
[2020.10.19-21.57.30:570][392]LogWindows: Error: [Callstack] 0x00007ff9ad477f88 UE4Editor-ApplicationCore.dll!UnknownFunction []
[2020.10.19-21.57.30:570][392]LogWindows: Error: [Callstack] 0x00007ff9ad465c87 UE4Editor-ApplicationCore.dll!UnknownFunction []
[2020.10.19-21.57.30:570][392]LogWindows: Error: [Callstack] 0x00007ff9ad47a609 UE4Editor-ApplicationCore.dll!UnknownFunction []
[2020.10.19-21.57.30:570][392]LogWindows: Error: [Callstack] 0x00007ff9ad4617d0 UE4Editor-ApplicationCore.dll!UnknownFunction []
[2020.10.19-21.57.30:570][392]LogWindows: Error: [Callstack] 0x00007ff9c0bb5c1d USER32.dll!UnknownFunction []
[2020.10.19-21.57.30:570][392]LogWindows: Error: [Callstack] 0x00007ff9c0bb5612 USER32.dll!UnknownFunction []
[2020.10.19-21.57.30:570][392]LogWindows: Error: [Callstack] 0x00007ff9ad47bb24 UE4Editor-ApplicationCore.dll!UnknownFunction []
[2020.10.19-21.57.30:570][392]LogWindows: Error: [Callstack] 0x00007ff7d5cb68c4 UE4Editor.exe!UnknownFunction []
[2020.10.19-21.57.30:570][392]LogWindows: Error: [Callstack] 0x00007ff7d5ccba7c UE4Editor.exe!UnknownFunction []
[2020.10.19-21.57.30:570][392]LogWindows: Error: [Callstack] 0x00007ff7d5ccbb5a UE4Editor.exe!UnknownFunction []
[2020.10.19-21.57.30:570][392]LogWindows: Error: [Callstack] 0x00007ff7d5cde31d UE4Editor.exe!UnknownFunction []
[2020.10.19-21.57.30:570][392]LogWindows: Error: [Callstack] 0x00007ff7d5ce145a UE4Editor.exe!UnknownFunction []
[2020.10.19-21.57.30:570][392]LogWindows: Error: [Callstack] 0x00007ff9c0d57c24 KERNEL32.DLL!UnknownFunction []
[2020.10.19-21.57.30:570][392]LogWindows: Error: [Callstack] 0x00007ff9c1f4cea1 ntdll.dll!UnknownFunction []
[2020.10.19-21.57.30:570][392]LogWindows: Error: 
[2020.10.19-21.57.30:582][392]LogExit: Executing StaticShutdownAfterError
[2020.10.19-21.57.30:587][392]LogWindows: FPlatformMisc::RequestExit(1)
[2020.10.19-21.57.30:587][392]LogCore: Engine exit requested (reason: Win RequestExit)
[2020.10.19-21.57.30:599][392]Log file closed, 10/20/20 00:57:30
